[28/Jan/2021 20:46:50] ERROR [post.views:224] Exception=Notification() got an unexpected keyword argument 'comment' while creating new comment
[28/Jan/2021 20:48:10] ERROR [post.views:223] Exception=Notification() got an unexpected keyword argument 'comment' while creating new comment
[28/Jan/2021 20:55:13] ERROR [post.views:223] Exception=Notification() got an unexpected keyword argument 'comment' while creating new comment
[28/Jan/2021 20:56:43] ERROR [post.views:223] Exception='QueryDict' object has no attribute 'content' while creating new comment
[28/Jan/2021 21:07:50] ERROR [post.views:224] Exception=Notification() got an unexpected keyword argument 'comment' while creating new comment
[28/Jan/2021 21:10:56] ERROR [post.views:224] Exception=Notification() got an unexpected keyword argument 'comment' while creating new comment
[28/Jan/2021 21:11:47] ERROR [post.views:224] Exception=Notification() got an unexpected keyword argument 'comment' while creating new comment
[28/Jan/2021 21:15:52] ERROR [post.views:224] Exception=name 'views' is not defined while creating new comment
[28/Jan/2021 21:16:28] ERROR [post.views:224] Exception=Notification() got an unexpected keyword argument 'comment' while creating new comment
[28/Jan/2021 21:23:07] ERROR [post.views:224] Exception=Notification() got an unexpected keyword argument 'comment' while creating new comment
[28/Jan/2021 21:24:46] ERROR [post.views:224] Exception=Notification() got an unexpected keyword argument 'comment' while creating new comment
[28/Jan/2021 21:30:55] ERROR [post.views:224] Exception=Notification() got an unexpected keyword argument 'comment' while creating new comment
[28/Jan/2021 21:58:12] ERROR [post.views:225] Exception=Notification() got an unexpected keyword argument 'comment' while creating new comment
[02/Feb/2021 15:59:23] ERROR [post.views:260] Exception=Notification() got an unexpected keyword argument 'comment' while creating new comment
[02/Feb/2021 15:59:26] ERROR [post.views:260] Exception=Notification() got an unexpected keyword argument 'comment' while creating new comment
[02/Feb/2021 15:59:34] ERROR [post.views:260] Exception=Notification() got an unexpected keyword argument 'comment' while creating new comment
[02/Feb/2021 15:59:34] ERROR [post.views:260] Exception=Notification() got an unexpected keyword argument 'comment' while creating new comment
[02/Feb/2021 15:59:35] ERROR [post.views:260] Exception=Notification() got an unexpected keyword argument 'comment' while creating new comment
[02/Feb/2021 16:05:10] ERROR [post.views:261] Exception=Notification() got an unexpected keyword argument 'comment' while creating new comment
[02/Feb/2021 16:05:48] ERROR [post.views:261] Exception=Notification() got an unexpected keyword argument 'comment' while creating new comment
[02/Feb/2021 16:05:50] ERROR [post.views:261] Exception=Notification() got an unexpected keyword argument 'comment' while creating new comment
[02/Feb/2021 16:08:20] ERROR [post.views:261] Exception=Notification() got an unexpected keyword argument 'comment' while creating new comment
[02/Feb/2021 16:09:37] ERROR [post.views:261] Exception=Notification() got an unexpected keyword argument 'comment' while creating new comment
[02/Feb/2021 16:09:45] ERROR [post.views:261] Exception=Notification() got an unexpected keyword argument 'comment' while creating new comment
[02/Feb/2021 16:10:34] ERROR [post.views:261] Exception=Notification() got an unexpected keyword argument 'comment' while creating new comment
[02/Feb/2021 16:10:38] ERROR [post.views:261] Exception=Notification() got an unexpected keyword argument 'comment' while creating new comment
[02/Feb/2021 16:10:50] ERROR [post.views:261] Exception=Notification() got an unexpected keyword argument 'comment' while creating new comment
[02/Feb/2021 16:11:38] ERROR [post.views:261] Exception=Notification() got an unexpected keyword argument 'comment' while creating new comment
[02/Feb/2021 16:14:00] ERROR [post.views:261] Exception=create_notification() missing 1 required positional argument: 'comment' while creating new comment
